CRITICAL - 2024-06-17 13:52:14 --> ErrorException: Undefined property: App\Controllers\Productos::$productosModel
[Method: GET, Route: productos]
in APPPATH\Controllers\Productos.php on line 10.
 1 APPPATH\Controllers\Productos.php(10): CodeIgniter\Debug\Exceptions->errorHandler(2, 'Undefined property: App\\Controllers\\Productos::$productosModel', 'C:\\xampp\\htdocs\\programador_web_avanzado\\475\\codeigniter4\\app\\Controllers\\Productos.php', 10)
 2 SYSTEMPATH\CodeIgniter.php(933): App\Controllers\Productos->index()
 3 SYSTEMPATH\CodeIgniter.php(509): CodeIgniter\CodeIgniter->runController(Object(App\Controllers\Productos))
 4 SYSTEMPATH\CodeIgniter.php(355): CodeIgniter\CodeIgniter->handleRequest(null, Object(Config\Cache), false)
 5 SYSTEMPATH\Boot.php(325): CodeIgniter\CodeIgniter->run()
 6 SYSTEMPATH\Boot.php(67): CodeIgniter\Boot::runCodeIgniter(Object(CodeIgniter\CodeIgniter))
 7 FCPATH\index.php(56): CodeIgniter\Boot::bootWeb(Object(Config\Paths))
CRITICAL - 2024-06-17 13:53:19 --> Error: Call to a member function findAll() on null
[Method: GET, Route: productos]
in APPPATH\Controllers\Productos.php on line 11.
 1 SYSTEMPATH\CodeIgniter.php(933): App\Controllers\Productos->index()
 2 SYSTEMPATH\CodeIgniter.php(509): CodeIgniter\CodeIgniter->runController(Object(App\Controllers\Productos))
 3 SYSTEMPATH\CodeIgniter.php(355): CodeIgniter\CodeIgniter->handleRequest(null, Object(Config\Cache), false)
 4 SYSTEMPATH\Boot.php(325): CodeIgniter\CodeIgniter->run()
 5 SYSTEMPATH\Boot.php(67): CodeIgniter\Boot::runCodeIgniter(Object(CodeIgniter\CodeIgniter))
 6 FCPATH\index.php(56): CodeIgniter\Boot::bootWeb(Object(Config\Paths))
CRITICAL - 2024-06-17 13:59:30 --> ErrorException: Maximum execution time of 120 seconds exceeded
[Method: GET, Route: productos]
in SYSTEMPATH\Debug\Exceptions.php on line 209.
 1 [internal function]: CodeIgniter\Debug\Exceptions->shutdownHandler()
CRITICAL - 2024-06-17 14:00:06 --> ErrorException: Maximum execution time of 120 seconds exceeded
[Method: GET, Route: productos]
in SYSTEMPATH\Debug\Exceptions.php on line 209.
 1 [internal function]: CodeIgniter\Debug\Exceptions->shutdownHandler()
CRITICAL - 2024-06-17 14:06:21 --> ErrorException: Maximum execution time of 120 seconds exceeded
[Method: GET, Route: productos]
in SYSTEMPATH\Debug\Exceptions.php on line 209.
 1 [internal function]: CodeIgniter\Debug\Exceptions->shutdownHandler()
CRITICAL - 2024-06-17 14:07:54 --> ErrorException: Maximum execution time of 120 seconds exceeded
[Method: GET, Route: productos]
in SYSTEMPATH\Debug\Exceptions.php on line 209.
 1 [internal function]: CodeIgniter\Debug\Exceptions->shutdownHandler()
CRITICAL - 2024-06-17 14:08:26 --> ErrorException: Maximum execution time of 120 seconds exceeded
[Method: GET, Route: productos]
in SYSTEMPATH\Debug\Exceptions.php on line 209.
 1 [internal function]: CodeIgniter\Debug\Exceptions->shutdownHandler()
CRITICAL - 2024-06-17 14:09:33 --> ErrorException: Maximum execution time of 120 seconds exceeded
[Method: GET, Route: productos]
in SYSTEMPATH\Debug\Exceptions.php on line 209.
 1 [internal function]: CodeIgniter\Debug\Exceptions->shutdownHandler()
CRITICAL - 2024-06-17 14:09:47 --> ErrorException: Maximum execution time of 120 seconds exceeded
[Method: GET, Route: productos]
in SYSTEMPATH\Debug\Exceptions.php on line 209.
 1 [internal function]: CodeIgniter\Debug\Exceptions->shutdownHandler()
CRITICAL - 2024-06-17 14:11:10 --> ErrorException: Maximum execution time of 120 seconds exceeded
[Method: GET, Route: productos]
in SYSTEMPATH\Debug\Exceptions.php on line 209.
 1 [internal function]: CodeIgniter\Debug\Exceptions->shutdownHandler()
CRITICAL - 2024-06-17 14:16:01 --> ErrorException: Maximum execution time of 120 seconds exceeded
[Method: GET, Route: productos]
in SYSTEMPATH\Debug\Exceptions.php on line 209.
 1 [internal function]: CodeIgniter\Debug\Exceptions->shutdownHandler()
CRITICAL - 2024-06-17 14:26:37 --> ErrorException: Maximum execution time of 120 seconds exceeded
[Method: GET, Route: productos]
in SYSTEMPATH\Debug\Exceptions.php on line 209.
 1 [internal function]: CodeIgniter\Debug\Exceptions->shutdownHandler()
CRITICAL - 2024-06-17 14:26:54 --> CodeIgniter\View\Exceptions\ViewException: Invalid file: "productos/ver.php"
[Method: GET, Route: productos/ver/1]
in SYSTEMPATH\Exceptions\FrameworkException.php on line 41.
 1 SYSTEMPATH\View\View.php(222): CodeIgniter\Exceptions\FrameworkException::forInvalidFile('productos/ver.php')
 2 SYSTEMPATH\Common.php(1171): CodeIgniter\View\View->render('productos/ver', [], true)
 3 APPPATH\Controllers\Productos.php(35): view('productos/ver', [...])
 4 SYSTEMPATH\CodeIgniter.php(933): App\Controllers\Productos->ver('1')
 5 SYSTEMPATH\CodeIgniter.php(509): CodeIgniter\CodeIgniter->runController(Object(App\Controllers\Productos))
 6 SYSTEMPATH\CodeIgniter.php(355): CodeIgniter\CodeIgniter->handleRequest(null, Object(Config\Cache), false)
 7 SYSTEMPATH\Boot.php(325): CodeIgniter\CodeIgniter->run()
 8 SYSTEMPATH\Boot.php(67): CodeIgniter\Boot::runCodeIgniter(Object(CodeIgniter\CodeIgniter))
 9 FCPATH\index.php(56): CodeIgniter\Boot::bootWeb(Object(Config\Paths))
CRITICAL - 2024-06-17 14:27:34 --> ErrorException: Maximum execution time of 120 seconds exceeded
[Method: GET, Route: productos]
in SYSTEMPATH\Debug\Exceptions.php on line 209.
 1 [internal function]: CodeIgniter\Debug\Exceptions->shutdownHandler()
INFO - 2024-06-17 14:42:17 --> Session: Class initialized using 'CodeIgniter\Session\Handlers\FileHandler' driver.
